0 info it worked if it ends with ok
1 verbose cli [ '/Users/fullstack/.nvm/versions/node/v6.2.0/bin/node',
1 verbose cli   '/Users/fullstack/.nvm/versions/node/v6.2.0/bin/npm',
1 verbose cli   'start' ]
2 info using npm@3.8.9
3 info using node@v6.2.0
4 verbose run-script [ 'prestart', 'start', 'poststart' ]
5 info lifecycle connect_client@1.0.0~prestart: connect_client@1.0.0
6 silly lifecycle connect_client@1.0.0~prestart: no script for prestart, continuing
7 info lifecycle connect_client@1.0.0~start: connect_client@1.0.0
8 verbose lifecycle connect_client@1.0.0~start: unsafe-perm in lifecycle true
9 verbose lifecycle connect_client@1.0.0~start: PATH: /Users/fullstack/.nvm/versions/node/v6.2.0/lib/node_modules/npm/bin/node-gyp-bin:/Users/fullstack/connect/connect_client/node_modules/.bin:/Users/fullstack/.nvm/versions/node/v6.2.0/bin:/Users/fullstack/.rvm/gems/ruby-2.3.0/bin:/Users/fullstack/.rvm/gems/ruby-2.3.0@global/bin:/Users/fullstack/.rvm/rubies/ruby-2.3.0/bin:/Users/fullstack/airfare_scraper/scraper/phantomjs-2.1.1-macosx/bin:/Users/fullstack/.nvm/versions/node/v6.2.0/bin:/usr/local/bin:/usr/bin:/bin:/usr/sbin:/sbin:/Applications/Postgres.app/Contents/Versions/latest/bin:/Users/fullstack/.rvm/bin
10 verbose lifecycle connect_client@1.0.0~start: CWD: /Users/fullstack/connect/connect_client
11 silly lifecycle connect_client@1.0.0~start: Args: [ '-c', 'node server.js' ]
12 silly lifecycle connect_client@1.0.0~start: Returned: code: 1  signal: null
13 info lifecycle connect_client@1.0.0~start: Failed to exec start script
14 verbose stack Error: connect_client@1.0.0 start: `node server.js`
14 verbose stack Exit status 1
14 verbose stack     at EventEmitter.<anonymous> (/Users/fullstack/.nvm/versions/node/v6.2.0/lib/node_modules/npm/lib/utils/lifecycle.js:245:16)
14 verbose stack     at emitTwo (events.js:106:13)
14 verbose stack     at EventEmitter.emit (events.js:191:7)
14 verbose stack     at ChildProcess.<anonymous> (/Users/fullstack/.nvm/versions/node/v6.2.0/lib/node_modules/npm/lib/utils/spawn.js:24:14)
14 verbose stack     at emitTwo (events.js:106:13)
14 verbose stack     at ChildProcess.emit (events.js:191:7)
14 verbose stack     at maybeClose (internal/child_process.js:850:16)
14 verbose stack     at Process.ChildProcess._handle.onexit (internal/child_process.js:215:5)
15 verbose pkgid connect_client@1.0.0
16 verbose cwd /Users/fullstack/connect/connect_client
17 error Darwin 14.5.0
18 error argv "/Users/fullstack/.nvm/versions/node/v6.2.0/bin/node" "/Users/fullstack/.nvm/versions/node/v6.2.0/bin/npm" "start"
19 error node v6.2.0
20 error npm  v3.8.9
21 error code ELIFECYCLE
22 error connect_client@1.0.0 start: `node server.js`
22 error Exit status 1
23 error Failed at the connect_client@1.0.0 start script 'node server.js'.
23 error Make sure you have the latest version of node.js and npm installed.
23 error If you do, this is most likely a problem with the connect_client package,
23 error not with npm itself.
23 error Tell the author that this fails on your system:
23 error     node server.js
23 error You can get information on how to open an issue for this project with:
23 error     npm bugs connect_client
23 error Or if that isn't available, you can get their info via:
23 error     npm owner ls connect_client
23 error There is likely additional logging output above.
24 verbose exit [ 1, true ]
