#
# A fatal error has been detected by the Java Runtime Environment:
#
#  SIGSEGV (0xb) at pc=0x000000010ba618f2, pid=4281, tid=84239
#
# JRE version: Java(TM) SE Runtime Environment (8.0_51-b16) (build 1.8.0_51-b16)
# Java VM: Java HotSpot(TM) 64-Bit Server VM (25.51-b03 mixed mode bsd-amd64 compressed oops)
# Problematic frame:
# V  [libjvm.dylib+0x4618f2]  ObjectMonitor::EnterI(Thread*)+0x246
#
# Failed to write core dump. Core dumps have been disabled. To enable core dumping, try "ulimit -c unlimited" before starting Java again
#
# If you would like to submit a bug report, please visit:
#   http://bugreport.java.com/bugreport/crash.jsp
#

---------------  T H R E A D  ---------------

Current thread (0x00007f8e60b20800):  JavaThread "Thread-9" [_thread_blocked, id=84239, stack(0x000000012ec0f000,0x000000012ed0f000)]

siginfo: si_signo: 11 (SIGSEGV), si_code: 1 (SEGV_MAPERR), si_addr: 0x0000000000000000

Registers:
RAX=0x0000000000000000, RBX=0x00007f8e60b20800, RCX=0x0000000000000000, RDX=0x00007f8e62ea6b48
RSP=0x000000012ed0e680, RBP=0x000000012ed0e6e0, RSI=0x00007f8e60b20800, RDI=0x00007f8e6383c918
R8 =0x000000012ed0e5f0, R9 =0x0000000000000000, R10=0x0000000000000000, R11=0x0000000000000203
R12=0x00000000000003e8, R13=0x000000010beb8496, R14=0x00007f8e6383c918, R15=0x00007f8e6383c968
RIP=0x000000010ba618f2, EFLAGS=0x0000000000010202, ERR=0x0000000000000006
  TRAPNO=0x000000000000000e

Top of Stack: (sp=0x000000012ed0e680)
0x000000012ed0e680:   0000000000000000 0000000000000bad
0x000000012ed0e690:   00007f8e60b20800 000000010ba62dac
0x000000012ed0e6a0:   00007f8e62ea6b00 0000000500000000
0x000000012ed0e6b0:   000000002ed0e6e0 00007f8e60b20800
0x000000012ed0e6c0:   00007f8e62ea4520 0000000000000002
0x000000012ed0e6d0:   00007f8e6383c918 00007f8e6383c990
0x000000012ed0e6e0:   000000012ed0e780 000000010ba62506
0x000000012ed0e6f0:   000000012ed0e750 00007f8e60b20800
0x000000012ed0e700:   0000000000000005 00007f8e60b20800
0x000000012ed0e710:   0000000000000001 00007f8e62ea72a0
0x000000012ed0e720:   000000012ed0e700 00007f8e60b20800
0x000000012ed0e730:   0000000000000000 0000000000000000
0x000000012ed0e740:   000000012ed0e7e0 00007f8e62ea6348
0x000000012ed0e750:   000000012ed0e780 000000012ed0e7e0
0x000000012ed0e760:   0000000000000000 000000012de8e7b7
0x000000012ed0e770:   00007f8e60b20800 00000007428022f8
0x000000012ed0e780:   000000012ed0e7c0 000000010b8db003
0x000000012ed0e790:   000000012ed0e7a8 00007f8e60b20800
0x000000012ed0e7a0:   00007f8e60b20800 00000000000000c2
0x000000012ed0e7b0:   000000012ed0e858 00007f8e60b20800
0x000000012ed0e7c0:   000000012ed0e830 000000010c698161
0x000000012ed0e7d0:   000000012ed0e7c0 000000010c69812d
0x000000012ed0e7e0:   0000000000000003 00000007428022f8
0x000000012ed0e7f0:   000000012ed0e7e0 000000012de8e7b7
0x000000012ed0e800:   000000012ed0e858 000000012de8f428
0x000000012ed0e810:   00000001314e8328 000000012de8e840
0x000000012ed0e820:   0000000000000000 000000012ed0e860
0x000000012ed0e830:   000000012ed0e9d0 000000010ceb14c4
0x000000012ed0e840:   0000000000000000 0000000000000000
0x000000012ed0e850:   00000007428022f8 00000007428034a8
0x000000012ed0e860:   0000000000000000 0000000100000000
0x000000012ed0e870:   0000000000000002 0000000000000000 

Instructions: (pc=0x000000010ba618f2)
0x000000010ba618d2:   00 4c 89 f7 48 89 de e8 72 e7 ff ff 85 c0 7f 33
0x000000010ba618e2:   48 8b 05 9f 03 46 00 48 85 c0 74 07 48 8b 40 28
0x000000010ba618f2:   48 ff 00 f6 05 68 a4 3a 00 01 0f 84 e9 fe ff ff
0x000000010ba61902:   4c 89 f7 48 89 de e8 8d f2 ff ff 85 c0 0f 8e d6 

Register to memory mapping:

RAX=0x0000000000000000 is an unknown value
RBX=0x00007f8e60b20800 is a thread
RCX=0x0000000000000000 is an unknown value
RDX=0x00007f8e62ea6b48 is an unknown value
RSP=0x000000012ed0e680 is pointing into the stack for thread: 0x00007f8e60b20800
RBP=0x000000012ed0e6e0 is pointing into the stack for thread: 0x00007f8e60b20800
RSI=0x00007f8e60b20800 is a thread
RDI=0x00007f8e6383c918 is an unknown value
R8 =0x000000012ed0e5f0 is pointing into the stack for thread: 0x00007f8e60b20800
R9 =0x0000000000000000 is an unknown value
R10=0x0000000000000000 is an unknown value
R11=0x0000000000000203 is an unknown value
R12=0x00000000000003e8 is an unknown value
R13=0x000000010beb8496: AssumeMP+0 in /Library/Java/JavaVirtualMachines/jdk1.8.0_51.jdk/Contents/Home/jre/lib/server/libjvm.dylib at 0x000000010b600000
R14=0x00007f8e6383c918 is an unknown value
R15=0x00007f8e6383c968 is an unknown value


Stack: [0x000000012ec0f000,0x000000012ed0f000],  sp=0x000000012ed0e680,  free space=1021k
Native frames: (J=compiled Java code, j=interpreted, Vv=VM code, C=native code)
V  [libjvm.dylib+0x4618f2]  ObjectMonitor::EnterI(Thread*)+0x246
V  [libjvm.dylib+0x462506]  ObjectMonitor::enter(Thread*)+0x1d8
V  [libjvm.dylib+0x2db003]  InterpreterRuntime::monitorenter(JavaThread*, BasicObjectLock*)+0xa5
j  com.sun.media.sound.AbstractDataLine.stop()V+7
J 2526% C1 ddf.minim.javasound.JSAudioOutput.run()V (258 bytes) @ 0x000000010ceb14c4 [0x000000010ceafd60+0x1764]
v  ~StubRoutines::call_stub
V  [libjvm.dylib+0x2e01e2]  JavaCalls::call_helper(JavaValue*, methodHandle*, JavaCallArguments*, Thread*)+0x6ae
V  [libjvm.dylib+0x2e0970]  JavaCalls::call_virtual(JavaValue*, KlassHandle, Symbol*, Symbol*, JavaCallArguments*, Thread*)+0x164
V  [libjvm.dylib+0x2e0b1c]  JavaCalls::call_virtual(JavaValue*, Handle, KlassHandle, Symbol*, Symbol*, Thread*)+0x4a
V  [libjvm.dylib+0x33305d]  thread_entry(JavaThread*, Thread*)+0x7c
V  [libjvm.dylib+0x549a6f]  JavaThread::thread_main_inner()+0x9b
V  [libjvm.dylib+0x54b160]  JavaThread::run()+0x1c2
V  [libjvm.dylib+0x46e99e]  java_start(Thread*)+0xf6
C  [libsystem_pthread.dylib+0x405a]  _pthread_body+0x83
C  [libsystem_pthread.dylib+0x3fd7]  _pthread_body+0x0
C  [libsystem_pthread.dylib+0x13ed]  thread_start+0xd
C  0x0000000000000000

Java frames: (J=compiled Java code, j=interpreted, Vv=VM code)
j  com.sun.media.sound.AbstractDataLine.stop()V+7
J 2526% C1 ddf.minim.javasound.JSAudioOutput.run()V (258 bytes) @ 0x000000010ceb14c4 [0x000000010ceafd60+0x1764]
v  ~StubRoutines::call_stub

---------------  P R O C E S S  ---------------

Java Threads: ( => current thread )
  0x00007f8e689b9000 JavaThread "AWT-EventQueue-0" [_thread_blocked, id=60719, stack(0x0000000131f11000,0x0000000132011000)]
  0x00007f8e6400e800 JavaThread "AWT-Shutdown" [_thread_blocked, id=81423, stack(0x0000000131e0e000,0x0000000131f0e000)]
  0x00007f8e630b8000 JavaThread "Thread-75" [_thread_in_native_trans, id=62215, stack(0x0000000130e8b000,0x0000000130f8b000)]
  0x00007f8e68b62000 JavaThread "main-FPSAWTAnimator#00-Timer0-FPSAWTAnimator#00-Timer1" [_thread_in_native_trans, id=114439, stack(0x00000001306e3000,0x00000001307e3000)]
  0x00007f8e65899800 JavaThread "Thread-73" [_thread_in_native, id=112899, stack(0x00000001305e0000,0x00000001306e0000)]
  0x00007f8e6921e000 JavaThread "Thread-71" [_thread_blocked, id=112387, stack(0x00000001304dd000,0x00000001305dd000)]
  0x00007f8e689de800 JavaThread "Thread-70" [_thread_blocked, id=111875, stack(0x0000000133870000,0x0000000133970000)]
  0x00007f8e61b37800 JavaThread "Thread-69" [_thread_blocked, id=111363, stack(0x0000000132bc6000,0x0000000132cc6000)]
  0x00007f8e64108000 JavaThread "Thread-68" [_thread_blocked, id=110851, stack(0x0000000132210000,0x0000000132310000)]
  0x00007f8e64226800 JavaThread "Thread-67" [_thread_blocked, id=110339, stack(0x0000000130fa4000,0x00000001310a4000)]
  0x00007f8e630b6800 JavaThread "Thread-66" [_thread_blocked, id=109827, stack(0x0000000130d88000,0x0000000130e88000)]
  0x00007f8e67b6e800 JavaThread "Thread-65" [_thread_blocked, id=109315, stack(0x0000000134158000,0x0000000134258000)]
  0x00007f8e658e5000 JavaThread "Thread-64" [_thread_blocked, id=108803, stack(0x0000000134055000,0x0000000134155000)]
  0x00007f8e61a65800 JavaThread "Thread-63" [_thread_blocked, id=108291, stack(0x0000000133524000,0x0000000133624000)]
  0x00007f8e61a65000 JavaThread "Thread-62" [_thread_blocked, id=107779, stack(0x0000000132983000,0x0000000132a83000)]
  0x00007f8e61b9b000 JavaThread "Thread-61" [_thread_blocked, id=107267, stack(0x000000013080b000,0x000000013090b000)]
  0x00007f8e630b7800 JavaThread "Thread-60" [_thread_blocked, id=106755, stack(0x00000001339c4000,0x0000000133ac4000)]
  0x00007f8e60d2d800 JavaThread "Thread-59" [_thread_blocked, id=106243, stack(0x00000001331da000,0x00000001332da000)]
  0x00007f8e62674800 JavaThread "Thread-58" [_thread_blocked, id=105731, stack(0x000000013376d000,0x000000013386d000)]
  0x00007f8e6321f000 JavaThread "Thread-57" [_thread_blocked, id=105219, stack(0x000000013366a000,0x000000013376a000)]
  0x00007f8e61394000 JavaThread "Thread-56" [_thread_blocked, id=104707, stack(0x0000000133421000,0x0000000133521000)]
  0x00007f8e61b8d000 JavaThread "Thread-55" [_thread_blocked, id=104195, stack(0x000000013331e000,0x000000013341e000)]
  0x00007f8e61393800 JavaThread "Thread-54" [_thread_blocked, id=103683, stack(0x0000000131241000,0x0000000131341000)]
  0x00007f8e67aa6000 JavaThread "Thread-53" [_thread_blocked, id=103171, stack(0x00000001310b9000,0x00000001311b9000)]
  0x00007f8e6131a800 JavaThread "Thread-52" [_thread_blocked, id=102659, stack(0x00000001330d7000,0x00000001331d7000)]
  0x00007f8e6390d800 JavaThread "Thread-51" [_thread_blocked, id=102147, stack(0x0000000132fd4000,0x00000001330d4000)]
  0x00007f8e61729000 JavaThread "Thread-50" [_thread_blocked, id=101635, stack(0x0000000132ac3000,0x0000000132bc3000)]
  0x00007f8e67a59000 JavaThread "Thread-49" [_thread_blocked, id=101123, stack(0x0000000132755000,0x0000000132855000)]
  0x00007f8e61ec6800 JavaThread "Thread-48" [_thread_blocked, id=100611, stack(0x0000000132d19000,0x0000000132e19000)]
  0x00007f8e61ff7800 JavaThread "Thread-47" [_thread_blocked, id=100099, stack(0x0000000132880000,0x0000000132980000)]
  0x00007f8e60aed800 JavaThread "Thread-46" [_thread_blocked, id=99587, stack(0x0000000131859000,0x0000000131959000)]
  0x00007f8e63012000 JavaThread "Thread-45" [_thread_blocked, id=99075, stack(0x0000000131756000,0x0000000131856000)]
  0x00007f8e625a6000 JavaThread "Thread-44" [_thread_blocked, id=98563, stack(0x00000001323d9000,0x00000001324d9000)]
  0x00007f8e62652000 JavaThread "Thread-43" [_thread_blocked, id=98051, stack(0x000000013210d000,0x000000013220d000)]
  0x00007f8e6135b000 JavaThread "Thread-42" [_thread_blocked, id=97539, stack(0x0000000131d0b000,0x0000000131e0b000)]
  0x00007f8e612e3000 JavaThread "Thread-41" [_thread_blocked, id=97027, stack(0x0000000131c08000,0x0000000131d08000)]
  0x00007f8e60b4c000 JavaThread "Thread-40" [_thread_blocked, id=96515, stack(0x0000000131b05000,0x0000000131c05000)]
  0x00007f8e62471000 JavaThread "Thread-39" [_thread_blocked, id=96003, stack(0x0000000131a02000,0x0000000131b02000)]
  0x00007f8e61c2d800 JavaThread "Thread-38" [_thread_blocked, id=95491, stack(0x0000000131653000,0x0000000131753000)]
  0x00007f8e61dcd800 JavaThread "Thread-37" [_thread_blocked, id=56587, stack(0x00000001303da000,0x00000001304da000)]
  0x00007f8e63858000 JavaThread "Thread-36" [_thread_blocked, id=30743, stack(0x0000000127134000,0x0000000127234000)]
  0x00007f8e61946000 JavaThread "Thread-35" [_thread_blocked, id=94979, stack(0x0000000130c03000,0x0000000130d03000)]
  0x00007f8e61b53800 JavaThread "Thread-34" [_thread_blocked, id=94467, stack(0x0000000130a33000,0x0000000130b33000)]
  0x00007f8e62419000 JavaThread "Thread-33" [_thread_blocked, id=93955, stack(0x0000000130123000,0x0000000130223000)]
  0x00007f8e64065800 JavaThread "Thread-32" [_thread_blocked, id=93443, stack(0x000000012fa81000,0x000000012fb81000)]
  0x00007f8e6245e000 JavaThread "Thread-31" [_thread_blocked, id=92931, stack(0x000000012f324000,0x000000012f424000)]
  0x00007f8e61135800 JavaThread "Thread-30" [_thread_blocked, id=92419, stack(0x000000012ea65000,0x000000012eb65000)]
  0x00007f8e64016000 JavaThread "Thread-29" [_thread_blocked, id=91907, stack(0x0000000130930000,0x0000000130a30000)]
  0x00007f8e65815000 JavaThread "Thread-28" [_thread_blocked, id=91395, stack(0x00000001302d7000,0x00000001303d7000)]
  0x00007f8e6226d800 JavaThread "Thread-27" [_thread_blocked, id=90883, stack(0x0000000130020000,0x0000000130120000)]
  0x00007f8e61468000 JavaThread "Thread-26" [_thread_blocked, id=90371, stack(0x000000012ff1d000,0x000000013001d000)]
  0x00007f8e612eb800 JavaThread "Thread-25" [_thread_blocked, id=89859, stack(0x000000012fe1a000,0x000000012ff1a000)]
  0x00007f8e622fd800 JavaThread "Thread-24" [_thread_blocked, id=89347, stack(0x000000012fd17000,0x000000012fe17000)]
  0x00007f8e60b85000 JavaThread "Thread-23" [_thread_blocked, id=88835, stack(0x000000012fc14000,0x000000012fd14000)]
  0x00007f8e63847800 JavaThread "Thread-22" [_thread_blocked, id=88323, stack(0x000000012f97e000,0x000000012fa7e000)]
  0x00007f8e65887800 JavaThread "Thread-21" [_thread_blocked, id=87811, stack(0x000000012f87b000,0x000000012f97b000)]
  0x00007f8e62201000 JavaThread "Thread-20" [_thread_blocked, id=87307, stack(0x000000012f778000,0x000000012f878000)]
  0x00007f8e621e7000 JavaThread "Thread-19" [_thread_blocked, id=38203, stack(0x000000012f675000,0x000000012f775000)]
  0x00007f8e62334000 JavaThread "Thread-18" [_thread_blocked, id=14347, stack(0x000000012f572000,0x000000012f672000)]
  0x00007f8e65886000 JavaThread "Thread-17" [_thread_blocked, id=25615, stack(0x000000012f46f000,0x000000012f56f000)]
  0x00007f8e6202c000 JavaThread "Thread-16" [_thread_blocked, id=87071, stack(0x000000012f221000,0x000000012f321000)]
  0x00007f8e63004000 JavaThread "Thread-15" [_thread_blocked, id=40731, stack(0x0000000128e55000,0x0000000128f55000)]
  0x00007f8e6588d800 JavaThread "Thread-14" [_thread_blocked, id=86547, stack(0x000000012f11e000,0x000000012f21e000)]
  0x00007f8e60b4a800 JavaThread "Thread-13" [_thread_blocked, id=86279, stack(0x000000012f01b000,0x000000012f11b000)]
  0x00007f8e61133800 JavaThread "Thread-12" [_thread_blocked, id=85775, stack(0x000000012ef18000,0x000000012f018000)]
  0x00007f8e60b3a800 JavaThread "Thread-11" [_thread_blocked, id=85263, stack(0x000000012ee15000,0x000000012ef15000)]
  0x00007f8e623a1800 JavaThread "Thread-10" [_thread_blocked, id=84499, stack(0x000000012ed12000,0x000000012ee12000)]
=>0x00007f8e60b20800 JavaThread "Thread-9" [_thread_blocked, id=84239, stack(0x000000012ec0f000,0x000000012ed0f000)]
  0x00007f8e63889800 JavaThread "Thread-8" [_thread_blocked, id=83467, stack(0x000000012e2b5000,0x000000012e3b5000)]
  0x00007f8e64031000 JavaThread "Thread-7" [_thread_blocked, id=82959, stack(0x000000012e1b2000,0x000000012e2b2000)]
  0x00007f8e61a79800 JavaThread "Thread-6" [_thread_blocked, id=82215, stack(0x000000012e0af000,0x000000012e1af000)]
  0x00007f8e60b07800 JavaThread "Thread-5" [_thread_blocked, id=80899, stack(0x000000012e835000,0x000000012e935000)]
  0x00007f8e6131e000 JavaThread "Java Sound Event Dispatcher" daemon [_thread_blocked, id=78871, stack(0x000000012e432000,0x000000012e532000)]
  0x00007f8e609b7000 JavaThread "DestroyJavaVM" [_thread_blocked, id=4867, stack(0x000000010c56a000,0x000000010c66a000)]
  0x00007f8e61240000 JavaThread "Thread-2" [_thread_blocked, id=58639, stack(0x000000012c60f000,0x000000012c70f000)]
  0x00007f8e60892000 JavaThread "Java2D Disposer" daemon [_thread_blocked, id=56075, stack(0x000000012b4fe000,0x000000012b5fe000)]
  0x00007f8e610cd800 JavaThread "Java2D Queue Flusher" daemon [_thread_blocked, id=53255, stack(0x000000012a0e6000,0x000000012a1e6000)]
  0x00007f8e620c2000 JavaThread "AWT-AppKit" daemon [_thread_blocked, id=1811, stack(0x00007fff54f68000,0x00007fff55768000)]
  0x00007f8e62059800 JavaThread "Service Thread" daemon [_thread_blocked, id=20739, stack(0x00000001255bb000,0x00000001256bb000)]
  0x00007f8e60834800 JavaThread "C1 CompilerThread3" daemon [_thread_blocked, id=20227, stack(0x00000001254b8000,0x00000001255b8000)]
  0x00007f8e62030800 JavaThread "C2 CompilerThread2" daemon [_thread_blocked, id=19715, stack(0x00000001253b5000,0x00000001254b5000)]
  0x00007f8e62030000 JavaThread "C2 CompilerThread1" daemon [_thread_blocked, id=19203, stack(0x00000001252b2000,0x00000001253b2000)]
  0x00007f8e6202a800 JavaThread "C2 CompilerThread0" daemon [_thread_blocked, id=18691, stack(0x00000001251af000,0x00000001252af000)]
  0x00007f8e62000000 JavaThread "Signal Dispatcher" daemon [_thread_blocked, id=15383, stack(0x00000001250ac000,0x00000001251ac000)]
  0x00007f8e61054800 JavaThread "Finalizer" daemon [_thread_blocked, id=13571, stack(0x0000000123677000,0x0000000123777000)]
  0x00007f8e61053800 JavaThread "Reference Handler" daemon [_thread_blocked, id=13059, stack(0x0000000123574000,0x0000000123674000)]

Other Threads:
  0x00007f8e61051000 VMThread [stack: 0x0000000123471000,0x0000000123571000] [id=12547]

VM state:at safepoint (shutting down)

VM Mutex/Monitor currently owned by a thread:  ([mutex/lock_event])
[0x00007f8e6041fcd0] Threads_lock - owner thread: 0x00007f8e61051000

Heap:
 PSYoungGen      total 221696K, used 49815K [0x0000000795580000, 0x00000007a5280000, 0x00000007c0000000)
  eden space 202752K, 24% used [0x0000000795580000,0x0000000798575f60,0x00000007a1b80000)
  from space 18944K, 3% used [0x00000007a4000000,0x00000007a40b0000,0x00000007a5280000)
  to   space 28160K, 0% used [0x00000007a1b80000,0x00000007a1b80000,0x00000007a3700000)
 ParOldGen       total 87552K, used 61232K [0x0000000740000000, 0x0000000745580000, 0x0000000795580000)
  object space 87552K, 69% used [0x0000000740000000,0x0000000743bcc368,0x0000000745580000)
 Metaspace       used 19407K, capacity 19642K, committed 19840K, reserved 1067008K
  class space    used 1804K, capacity 1872K, committed 1920K, reserved 1048576K

Card table byte_map: [0x000000011ba35000,0x000000011be36000] byte_map_base: 0x0000000118035000

Marking Bits: (ParMarkBitMap*) 0x000000010bec27a0
 Begin Bits: [0x000000011c8f9000, 0x000000011e8f9000)
 End Bits:   [0x000000011e8f9000, 0x00000001208f9000)

Polling page: 0x000000010a5f1000

CodeCache: size=245760Kb used=8919Kb max_used=8937Kb free=236840Kb
 bounds [0x000000010c675000, 0x000000010cf45000, 0x000000011b675000]
 total_blobs=3370 nmethods=2453 adapters=831
 compilation: enabled

Compilation events (10 events):
Event: 89.490 Thread 0x00007f8e60834800 2668       3       java.lang.Integer::formatUnsignedInt (48 bytes)
Event: 89.491 Thread 0x00007f8e60834800 nmethod 2668 0x000000010cb03190 code [0x000000010cb03300, 0x000000010cb03570]
Event: 90.248 Thread 0x00007f8e60834800 2669       3       java.util.EventObject::<init> (24 bytes)
Event: 90.249 Thread 0x00007f8e60834800 nmethod 2669 0x000000010cb02c50 code [0x000000010cb02de0, 0x000000010cb030a8]
Event: 90.328 Thread 0x00007f8e60834800 2671       3       com.sun.media.sound.DirectAudioDevice::access$1500 (6 bytes)
Event: 90.329 Thread 0x00007f8e60834800 nmethod 2671 0x000000010cb22610 code [0x000000010cb22780, 0x000000010cb228e8]
Event: 90.722 Thread 0x00007f8e60834800 2672       1       java.util.EventObject::getSource (5 bytes)
Event: 90.722 Thread 0x00007f8e60834800 nmethod 2672 0x000000010cb02610 code [0x000000010cb02760, 0x000000010cb02870]
Event: 92.524 Thread 0x00007f8e60834800 2673       1       java.util.logging.LogManager::access$500 (5 bytes)
Event: 92.525 Thread 0x00007f8e60834800 nmethod 2673 0x000000010cb22350 code [0x000000010cb224a0, 0x000000010cb22590]

GC Heap History (10 events):
Event: 41.440 GC heap before
{Heap before GC invocations=10 (full 0):
 PSYoungGen      total 254976K, used 254611K [0x0000000795580000, 0x00000007a8000000, 0x00000007c0000000)
  eden space 251392K, 100% used [0x0000000795580000,0x00000007a4b00000,0x00000007a4b00000)
  from space 3584K, 89% used [0x00000007a5600000,0x00000007a5924f68,0x00000007a5980000)
  to   space 27136K, 0% used [0x00000007a6580000,0x00000007a6580000,0x00000007a8000000)
 ParOldGen       total 87552K, used 58473K [0x0000000740000000, 0x0000000745580000, 0x0000000795580000)
  object space 87552K, 66% used [0x0000000740000000,0x000000074391a768,0x0000000745580000)
 Metaspace       used 19295K, capacity 19514K, committed 19840K, reserved 1067008K
  class space    used 1793K, capacity 1872K, committed 1920K, reserved 1048576K
Event: 41.443 GC heap after
Heap after GC invocations=10 (full 0):
 PSYoungGen      total 259072K, used 768K [0x0000000795580000, 0x00000007a7780000, 0x00000007c0000000)
  eden space 240640K, 0% used [0x0000000795580000,0x0000000795580000,0x00000007a4080000)
  from space 18432K, 4% used [0x00000007a6580000,0x00000007a6640000,0x00000007a7780000)
  to   space 28160K, 0% used [0x00000007a4080000,0x00000007a4080000,0x00000007a5c00000)
 ParOldGen       total 87552K, used 61048K [0x0000000740000000, 0x0000000745580000, 0x0000000795580000)
  object space 87552K, 69% used [0x0000000740000000,0x0000000743b9e368,0x0000000745580000)
 Metaspace       used 19295K, capacity 19514K, committed 19840K, reserved 1067008K
  class space    used 1793K, capacity 1872K, committed 1920K, reserved 1048576K
}
Event: 51.598 GC heap before
{Heap before GC invocations=11 (full 0):
 PSYoungGen      total 259072K, used 241408K [0x0000000795580000, 0x00000007a7780000, 0x00000007c0000000)
  eden space 240640K, 100% used [0x0000000795580000,0x00000007a4080000,0x00000007a4080000)
  from space 18432K, 4% used [0x00000007a6580000,0x00000007a6640000,0x00000007a7780000)
  to   space 28160K, 0% used [0x00000007a4080000,0x00000007a4080000,0x00000007a5c00000)
 ParOldGen       total 87552K, used 61048K [0x0000000740000000, 0x0000000745580000, 0x0000000795580000)
  object space 87552K, 69% used [0x0000000740000000,0x0000000743b9e368,0x0000000745580000)
 Metaspace       used 19298K, capacity 19514K, committed 19840K, reserved 1067008K
  class space    used 1793K, capacity 1872K, committed 1920K, reserved 1048576K
Event: 51.600 GC heap after
Heap after GC invocations=11 (full 0):
 PSYoungGen      total 231424K, used 704K [0x0000000795580000, 0x00000007a6e80000, 0x00000007c0000000)
  eden space 230400K, 0% used [0x0000000795580000,0x0000000795580000,0x00000007a3680000)
  from space 1024K, 68% used [0x00000007a4080000,0x00000007a4130000,0x00000007a4180000)
  to   space 28672K, 0% used [0x00000007a5280000,0x00000007a5280000,0x00000007a6e80000)
 ParOldGen       total 87552K, used 61120K [0x0000000740000000, 0x0000000745580000, 0x0000000795580000)
  object space 87552K, 69% used [0x0000000740000000,0x0000000743bb0368,0x0000000745580000)
 Metaspace       used 19298K, capacity 19514K, committed 19840K, reserved 1067008K
  class space    used 1793K, capacity 1872K, committed 1920K, reserved 1048576K
}
Event: 61.227 GC heap before
{Heap before GC invocations=12 (full 0):
 PSYoungGen      total 231424K, used 231104K [0x0000000795580000, 0x00000007a6e80000, 0x00000007c0000000)
  eden space 230400K, 100% used [0x0000000795580000,0x00000007a3680000,0x00000007a3680000)
  from space 1024K, 68% used [0x00000007a4080000,0x00000007a4130000,0x00000007a4180000)
  to   space 28672K, 0% used [0x00000007a5280000,0x00000007a5280000,0x00000007a6e80000)
 ParOldGen       total 87552K, used 61120K [0x0000000740000000, 0x0000000745580000, 0x0000000795580000)
  object space 87552K, 69% used [0x0000000740000000,0x0000000743bb0368,0x0000000745580000)
 Metaspace       used 19300K, capacity 19514K, committed 19840K, reserved 1067008K
  class space    used 1793K, capacity 1872K, committed 1920K, reserved 1048576K
Event: 61.230 GC heap after
Heap after GC invocations=12 (full 0):
 PSYoungGen      total 239616K, used 704K [0x0000000795580000, 0x00000007a6500000, 0x00000007c0000000)
  eden space 220672K, 0% used [0x0000000795580000,0x0000000795580000,0x00000007a2d00000)
  from space 18944K, 3% used [0x00000007a5280000,0x00000007a5330000,0x00000007a6500000)
  to   space 28672K, 0% used [0x00000007a2d00000,0x00000007a2d00000,0x00000007a4900000)
 ParOldGen       total 87552K, used 61128K [0x0000000740000000, 0x0000000745580000, 0x0000000795580000)
  object space 87552K, 69% used [0x0000000740000000,0x0000000743bb2368,0x0000000745580000)
 Metaspace       used 19300K, capacity 19514K, committed 19840K, reserved 1067008K
  class space    used 1793K, capacity 1872K, committed 1920K, reserved 1048576K
}
Event: 70.325 GC heap before
{Heap before GC invocations=13 (full 0):
 PSYoungGen      total 239616K, used 221376K [0x0000000795580000, 0x00000007a6500000, 0x00000007c0000000)
  eden space 220672K, 100% used [0x0000000795580000,0x00000007a2d00000,0x00000007a2d00000)
  from space 18944K, 3% used [0x00000007a5280000,0x00000007a5330000,0x00000007a6500000)
  to   space 28672K, 0% used [0x00000007a2d00000,0x00000007a2d00000,0x00000007a4900000)
 ParOldGen       total 87552K, used 61128K [0x0000000740000000, 0x0000000745580000, 0x0000000795580000)
  object space 87552K, 69% used [0x0000000740000000,0x0000000743bb2368,0x0000000745580000)
 Metaspace       used 19322K, capacity 19578K, committed 19840K, reserved 1067008K
  class space    used 1793K, capacity 1872K, committed 1920K, reserved 1048576K
Event: 70.328 GC heap after
Heap after GC invocations=13 (full 0):
 PSYoungGen      total 212480K, used 736K [0x0000000795580000, 0x00000007a5c00000, 0x00000007c0000000)
  eden space 211456K, 0% used [0x0000000795580000,0x0000000795580000,0x00000007a2400000)
  from space 1024K, 71% used [0x00000007a2d00000,0x00000007a2db8000,0x00000007a2e00000)
  to   space 28672K, 0% used [0x00000007a4000000,0x00000007a4000000,0x00000007a5c00000)
 ParOldGen       total 87552K, used 61160K [0x0000000740000000, 0x0000000745580000, 0x0000000795580000)
  object space 87552K, 69% used [0x0000000740000000,0x0000000743bba368,0x0000000745580000)
 Metaspace       used 19322K, capacity 19578K, committed 19840K, reserved 1067008K
  class space    used 1793K, capacity 1872K, committed 1920K, reserved 1048576K
}
Event: 84.588 GC heap before
{Heap before GC invocations=14 (full 0):
 PSYoungGen      total 212480K, used 212188K [0x0000000795580000, 0x00000007a5c00000, 0x00000007c0000000)
  eden space 211456K, 99% used [0x0000000795580000,0x00000007a23ff3f0,0x00000007a2400000)
  from space 1024K, 71% used [0x00000007a2d00000,0x00000007a2db8000,0x00000007a2e00000)
  to   space 28672K, 0% used [0x00000007a4000000,0x00000007a4000000,0x00000007a5c00000)
 ParOldGen       total 87552K, used 61160K [0x0000000740000000, 0x0000000745580000, 0x0000000795580000)
  object space 87552K, 69% used [0x0000000740000000,0x0000000743bba368,0x0000000745580000)
 Metaspace       used 19338K, capacity 19578K, committed 19840K, reserved 1067008K
  class space    used 1794K, capacity 1872K, committed 1920K, reserved 1048576K
Event: 84.591 GC heap after
Heap after GC invocations=14 (full 0):
 PSYoungGen      total 221696K, used 704K [0x0000000795580000, 0x00000007a5280000, 0x00000007c0000000)
  eden space 202752K, 0% used [0x0000000795580000,0x0000000795580000,0x00000007a1b80000)
  from space 18944K, 3% used [0x00000007a4000000,0x00000007a40b0000,0x00000007a5280000)
  to   space 28160K, 0% used [0x00000007a1b80000,0x00000007a1b80000,0x00000007a3700000)
 ParOldGen       total 87552K, used 61232K [0x0000000740000000, 0x0000000745580000, 0x0000000795580000)
  object space 87552K, 69% used [0x0000000740000000,0x0000000743bcc368,0x0000000745580000)
 Metaspace       used 19338K, capacity 19578K, committed 19840K, reserved 1067008K
  class space    used 1794K, capacity 1872K, committed 1920K, reserved 1048576K
}

Deoptimization events (10 events):
Event: 89.496 Thread 0x00007f8e64065800 Uncommon trap: reason=unstable_if action=reinterpret pc=0x000000010ced8258 method=ddf.minim.javasound.JSAudioOutput.run()V @ 13
Event: 89.503 Thread 0x00007f8e65887800 Uncommon trap: reason=unstable_if action=reinterpret pc=0x000000010ced8258 method=ddf.minim.javasound.JSAudioOutput.run()V @ 13
Event: 89.504 Thread 0x00007f8e61dcd800 Uncommon trap: reason=unstable_if action=reinterpret pc=0x000000010ced8258 method=ddf.minim.javasound.JSAudioOutput.run()V @ 13
Event: 89.504 Thread 0x00007f8e63847800 Uncommon trap: reason=unstable_if action=reinterpret pc=0x000000010ced8258 method=ddf.minim.javasound.JSAudioOutput.run()V @ 13
Event: 89.625 Thread 0x00007f8e60b4c000 Uncommon trap: reason=unstable_if action=reinterpret pc=0x000000010ced8258 method=ddf.minim.javasound.JSAudioOutput.run()V @ 13
Event: 90.252 Thread 0x00007f8e6135b000 Uncommon trap: reason=unstable_if action=reinterpret pc=0x000000010ced8258 method=ddf.minim.javasound.JSAudioOutput.run()V @ 13
Event: 90.885 Thread 0x00007f8e625a6000 Uncommon trap: reason=unstable_if action=reinterpret pc=0x000000010ced8258 method=ddf.minim.javasound.JSAudioOutput.run()V @ 13
Event: 92.439 Thread 0x00007f8e67a59000 Uncommon trap: reason=unstable_if action=reinterpret pc=0x000000010ced8258 method=ddf.minim.javasound.JSAudioOutput.run()V @ 13
Event: 92.523 Thread 0x00007f8e689bb800 Uncommon trap: reason=unstable_if action=reinterpret pc=0x000000010cd3b9f8 method=java.util.HashMap.values()Ljava/util/Collection; @ 6
Event: 92.553 Thread 0x00007f8e6301d000 Uncommon trap: reason=unstable_if action=reinterpret pc=0x000000010ced9f7c method=java.util.ArrayList.clear()V @ 17

Internal exceptions (10 events):
Event: 9.503 Thread 0x00007f8e6124e000 Exception <a 'java/io/FileNotFoundException'> (0x0000000798bc0750) thrown at [/Users/java_re/workspace/8-2-build-macosx-x86_64/jdk8u51/3951/hotspot/src/share/vm/prims/jni.cpp, line 709]
Event: 9.508 Thread 0x00007f8e6124e000 Exception <a 'java/io/FileNotFoundException'> (0x0000000798c56c40) thrown at [/Users/java_re/workspace/8-2-build-macosx-x86_64/jdk8u51/3951/hotspot/src/share/vm/prims/jni.cpp, line 709]
Event: 9.557 Thread 0x00007f8e6124e000 Exception <a 'java/io/FileNotFoundException'> (0x0000000798ff0530) thrown at [/Users/java_re/workspace/8-2-build-macosx-x86_64/jdk8u51/3951/hotspot/src/share/vm/prims/jni.cpp, line 709]
Event: 9.561 Thread 0x00007f8e6124e000 Exception <a 'java/io/FileNotFoundException'> (0x00000007990e10c0) thrown at [/Users/java_re/workspace/8-2-build-macosx-x86_64/jdk8u51/3951/hotspot/src/share/vm/prims/jni.cpp, line 709]
Event: 9.612 Thread 0x00007f8e6124e000 Exception <a 'java/io/FileNotFoundException'> (0x0000000799398168) thrown at [/Users/java_re/workspace/8-2-build-macosx-x86_64/jdk8u51/3951/hotspot/src/share/vm/prims/jni.cpp, line 709]
Event: 9.621 Thread 0x00007f8e6124e000 Exception <a 'java/io/FileNotFoundException'> (0x00000007994efb70) thrown at [/Users/java_re/workspace/8-2-build-macosx-x86_64/jdk8u51/3951/hotspot/src/share/vm/prims/jni.cpp, line 709]
Event: 54.950 Thread 0x00007f8e6921e000 Implicit null exception at 0x000000010ced75cc to 0x000000010ced87c5
Event: 74.795 Thread 0x00007f8e630b8000 Implicit null exception at 0x000000010ce44520 to 0x000000010ce445f1
Event: 89.368 Thread 0x00007f8e68b62000 Implicit null exception at 0x000000010ca26575 to 0x000000010ca26751
Event: 89.474 Thread 0x00007f8e620c2000 Implicit null exception at 0x000000010cdd30d4 to 0x000000010cdd3195

Events (10 events):
Event: 92.550 loading class jogamp/opengl/egl/EGLDisplayUtil done
Event: 92.551 loading class com/jogamp/nativewindow/egl/EGLGraphicsDevice$EGLDisplayLifecycleCallback
Event: 92.551 loading class com/jogamp/nativewindow/egl/EGLGraphicsDevice$EGLDisplayLifecycleCallback done
Event: 92.552 loading class jogamp/opengl/egl/EGLDisplayUtil$1
Event: 92.552 loading class jogamp/opengl/egl/EGLDisplayUtil$1 done
Event: 92.553 Thread 0x00007f8e6301d000 Uncommon trap: trap_request=0xffffff65 fr.pc=0x000000010ced9f7c
Event: 92.553 Thread 0x00007f8e6301d000 DEOPT PACKING pc=0x000000010ced9f7c sp=0x000000013455a6a0
Event: 92.553 Thread 0x00007f8e6301d000 DEOPT UNPACKING pc=0x000000010c67a229 sp=0x000000013455a658 mode 2
Event: 92.553 Thread 0x00007f8e6301d000 Thread exited: 0x00007f8e6301d000
Event: 92.553 Executing VM operation: Exit


Dynamic libraries:
0x0000000008e9e000 	/System/Library/Frameworks/Cocoa.framework/Versions/A/Cocoa
0x0000000008e9e000 	/System/Library/Frameworks/Security.framework/Versions/A/Security
0x0000000008e9e000 	/System/Library/Frameworks/ApplicationServices.framework/Versions/A/ApplicationServices
0x0000000008e9e000 	/usr/lib/libz.1.dylib
0x0000000008e9e000 	/usr/lib/libSystem.B.dylib
0x0000000008e9e000 	/usr/lib/libobjc.A.dylib
0x0000000008e9e000 	/System/Library/Frameworks/CoreFoundation.framework/Versions/A/CoreFoundation
0x0000000008e9e000 	/System/Library/Frameworks/Foundation.framework/Versions/C/Foundation
0x0000000008e9e000 	/System/Library/Frameworks/AppKit.framework/Versions/C/AppKit
0x0000000008e9e000 	/System/Library/Frameworks/CoreData.framework/Versions/A/CoreData
0x0000000008e9e000 	/System/Library/PrivateFrameworks/RemoteViewServices.framework/Versions/A/RemoteViewServices
0x0000000008e9e000 	/System/Library/PrivateFrameworks/UIFoundation.framework/Versions/A/UIFoundation
0x0000000008e9e000 	/System/Library/Frameworks/IOSurface.framework/Versions/A/IOSurface
0x0000000008e9e000 	/System/Library/Frameworks/AudioToolbox.framework/Versions/A/AudioToolbox
0x0000000008e9e000 	/System/Library/Frameworks/AudioUnit.framework/Versions/A/AudioUnit
0x0000000008e9e000 	/System/Library/PrivateFrameworks/DataDetectorsCore.framework/Versions/A/DataDetectorsCore
0x0000000008e9e000 	/System/Library/PrivateFrameworks/DesktopServicesPriv.framework/Versions/A/DesktopServicesPriv
0x0000000008e9e000 	/System/Library/Frameworks/Carbon.framework/Versions/A/Frameworks/HIToolbox.framework/Versions/A/HIToolbox
0x0000000008e9e000 	/System/Library/Frameworks/QuartzCore.framework/Versions/A/QuartzCore
0x0000000008e9e000 	/System/Library/Frameworks/Carbon.framework/Versions/A/Frameworks/SpeechRecognition.framework/Versions/A/SpeechRecognition
0x0000000008e9e000 	/usr/lib/libauto.dylib
0x0000000008e9e000 	/usr/lib/libicucore.A.dylib
0x0000000008e9e000 	/usr/lib/libxml2.2.dylib
0x0000000008e9e000 	/System/Library/PrivateFrameworks/CoreUI.framework/Versions/A/CoreUI
0x0000000008e9e000 	/System/Library/Frameworks/CoreAudio.framework/Versions/A/CoreAudio
0x0000000008e9e000 	/System/Library/Frameworks/DiskArbitration.framework/Versions/A/DiskArbitration
0x0000000008e9e000 	/usr/lib/liblangid.dylib
0x0000000008e9e000 	/System/Library/PrivateFrameworks/MultitouchSupport.framework/Versions/A/MultitouchSupport
0x0000000008e9e000 	/System/Library/Frameworks/IOKit.framework/Versions/A/IOKit
0x0000000008e9e000 	/usr/lib/libDiagnosticMessagesClient.dylib
0x0000000008e9e000 	/System/Library/Frameworks/CoreServices.framework/Versions/A/CoreServices
0x0000000008e9e000 	/System/Library/PrivateFrameworks/PerformanceAnalysis.framework/Versions/A/PerformanceAnalysis
0x0000000008e9e000 	/System/Library/PrivateFrameworks/GenerationalStorage.framework/Versions/A/GenerationalStorage
0x0000000008e9e000 	/System/Library/Frameworks/OpenGL.framework/Versions/A/OpenGL
0x0000000008e9e000 	/System/Library/PrivateFrameworks/Sharing.framework/Versions/A/Sharing
0x0000000008e9e000 	/System/Library/Frameworks/CoreGraphics.framework/Versions/A/CoreGraphics
0x0000000008e9e000 	/System/Library/Frameworks/CoreText.framework/Versions/A/CoreText
0x0000000008e9e000 	/System/Library/Frameworks/ImageIO.framework/Versions/A/ImageIO
0x0000000008e9e000 	/usr/lib/libextension.dylib
0x0000000008e9e000 	/System/Library/PrivateFrameworks/Backup.framework/Versions/A/Backup
0x0000000008e9e000 	/usr/lib/libarchive.2.dylib
0x0000000008e9e000 	/System/Library/Frameworks/CFNetwork.framework/Versions/A/CFNetwork
0x0000000008e9e000 	/System/Library/Frameworks/SystemConfiguration.framework/Versions/A/SystemConfiguration
0x0000000008e9e000 	/usr/lib/libCRFSuite.dylib
0x0000000008e9e000 	/usr/lib/libc++.1.dylib
0x0000000008e9e000 	/usr/lib/libc++abi.dylib
0x0000000008e9e000 	/usr/lib/system/libcache.dylib
0x0000000008e9e000 	/usr/lib/system/libcommonCrypto.dylib
0x0000000008e9e000 	/usr/lib/system/libcompiler_rt.dylib
0x0000000008e9e000 	/usr/lib/system/libcopyfile.dylib
0x0000000008e9e000 	/usr/lib/system/libcorecrypto.dylib
0x0000000008e9e000 	/usr/lib/system/libdispatch.dylib
0x0000000008e9e000 	/usr/lib/system/libdyld.dylib
0x0000000008e9e000 	/usr/lib/system/libkeymgr.dylib
0x0000000008e9e000 	/usr/lib/system/liblaunch.dylib
0x0000000008e9e000 	/usr/lib/system/libmacho.dylib
0x0000000008e9e000 	/usr/lib/system/libquarantine.dylib
0x0000000008e9e000 	/usr/lib/system/libremovefile.dylib
0x0000000008e9e000 	/usr/lib/system/libsystem_asl.dylib
0x0000000008e9e000 	/usr/lib/system/libsystem_blocks.dylib
0x0000000008e9e000 	/usr/lib/system/libsystem_c.dylib
0x0000000008e9e000 	/usr/lib/system/libsystem_configuration.dylib
0x0000000008e9e000 	/usr/lib/system/libsystem_coreservices.dylib
0x0000000008e9e000 	/usr/lib/system/libsystem_coretls.dylib
0x0000000008e9e000 	/usr/lib/system/libsystem_dnssd.dylib
0x0000000008e9e000 	/usr/lib/system/libsystem_info.dylib
0x0000000008e9e000 	/usr/lib/system/libsystem_kernel.dylib
0x0000000008e9e000 	/usr/lib/system/libsystem_m.dylib
0x0000000008e9e000 	/usr/lib/system/libsystem_malloc.dylib
0x0000000008e9e000 	/usr/lib/system/libsystem_network.dylib
0x0000000008e9e000 	/usr/lib/system/libsystem_networkextension.dylib
0x0000000008e9e000 	/usr/lib/system/libsystem_notify.dylib
0x0000000008e9e000 	/usr/lib/system/libsystem_platform.dylib
0x0000000008e9e000 	/usr/lib/system/libsystem_pthread.dylib
0x0000000008e9e000 	/usr/lib/system/libsystem_sandbox.dylib
0x0000000008e9e000 	/usr/lib/system/libsystem_secinit.dylib
0x0000000008e9e000 	/usr/lib/system/libsystem_stats.dylib
0x0000000008e9e000 	/usr/lib/system/libsystem_trace.dylib
0x0000000008e9e000 	/usr/lib/system/libunc.dylib
0x0000000008e9e000 	/usr/lib/system/libunwind.dylib
0x0000000008e9e000 	/usr/lib/system/libxpc.dylib
0x0000000008e9e000 	/usr/lib/libbz2.1.0.dylib
0x0000000008e9e000 	/usr/lib/liblzma.5.dylib
0x0000000008e9e000 	/usr/lib/libbsm.0.dylib
0x0000000008e9e000 	/usr/lib/libsqlite3.dylib
0x0000000008e9e000 	/usr/lib/system/libkxld.dylib
0x0000000008e9e000 	/usr/lib/libxar.1.dylib
0x0000000008e9e000 	/usr/lib/libpam.2.dylib
0x0000000008e9e000 	/usr/lib/libOpenScriptingUtil.dylib
0x0000000008e9e000 	/System/Library/Frameworks/CoreServices.framework/Versions/A/Frameworks/FSEvents.framework/Versions/A/FSEvents
0x0000000008e9e000 	/System/Library/Frameworks/CoreServices.framework/Versions/A/Frameworks/CarbonCore.framework/Versions/A/CarbonCore
0x0000000008e9e000 	/System/Library/Frameworks/CoreServices.framework/Versions/A/Frameworks/Metadata.framework/Versions/A/Metadata
0x0000000008e9e000 	/System/Library/Frameworks/CoreServices.framework/Versions/A/Frameworks/OSServices.framework/Versions/A/OSServices
0x0000000008e9e000 	/System/Library/Frameworks/CoreServices.framework/Versions/A/Frameworks/SearchKit.framework/Versions/A/SearchKit
0x0000000008e9e000 	/System/Library/Frameworks/CoreServices.framework/Versions/A/Frameworks/AE.framework/Versions/A/AE
0x0000000008e9e000 	/System/Library/Frameworks/CoreServices.framework/Versions/A/Frameworks/LaunchServices.framework/Versions/A/LaunchServices
0x0000000008e9e000 	/System/Library/Frameworks/CoreServices.framework/Versions/A/Frameworks/DictionaryServices.framework/Versions/A/DictionaryServices
0x0000000008e9e000 	/System/Library/Frameworks/NetFS.framework/Versions/A/NetFS
0x0000000008e9e000 	/System/Library/PrivateFrameworks/NetAuth.framework/Versions/A/NetAuth
0x0000000008e9e000 	/System/Library/PrivateFrameworks/login.framework/Versions/A/Frameworks/loginsupport.framework/Versions/A/loginsupport
0x0000000008e9e000 	/System/Library/PrivateFrameworks/TCC.framework/Versions/A/TCC
0x0000000008e9e000 	/usr/lib/libmecabra.dylib
0x0000000008e9e000 	/System/Library/Frameworks/ApplicationServices.framework/Versions/A/Frameworks/ATS.framework/Versions/A/ATS
0x0000000008e9e000 	/System/Library/Frameworks/ApplicationServices.framework/Versions/A/Frameworks/ColorSync.framework/Versions/A/ColorSync
0x0000000008e9e000 	/System/Library/Frameworks/ApplicationServices.framework/Versions/A/Frameworks/HIServices.framework/Versions/A/HIServices
0x0000000008e9e000 	/System/Library/Frameworks/ApplicationServices.framework/Versions/A/Frameworks/LangAnalysis.framework/Versions/A/LangAnalysis
0x0000000008e9e000 	/System/Library/Frameworks/ApplicationServices.framework/Versions/A/Frameworks/PrintCore.framework/Versions/A/PrintCore
0x0000000008e9e000 	/System/Library/Frameworks/ApplicationServices.framework/Versions/A/Frameworks/QD.framework/Versions/A/QD
0x0000000008e9e000 	/System/Library/Frameworks/ApplicationServices.framework/Versions/A/Frameworks/SpeechSynthesis.framework/Versions/A/SpeechSynthesis
0x0000000008e9e000 	/System/Library/Frameworks/Accelerate.framework/Versions/A/Accelerate
0x0000000008e9e000 	/System/Library/Frameworks/Accelerate.framework/Versions/A/Frameworks/vImage.framework/Versions/A/vImage
0x0000000008e9e000 	/System/Library/Frameworks/Accelerate.framework/Versions/A/Frameworks/vecLib.framework/Versions/A/vecLib
0x0000000008e9e000 	/System/Library/Frameworks/Accelerate.framework/Versions/A/Frameworks/vecLib.framework/Versions/A/libvDSP.dylib
0x0000000008e9e000 	/System/Library/Frameworks/Accelerate.framework/Versions/A/Frameworks/vecLib.framework/Versions/A/libvMisc.dylib
0x0000000008e9e000 	/System/Library/Frameworks/Accelerate.framework/Versions/A/Frameworks/vecLib.framework/Versions/A/libLAPACK.dylib
0x0000000008e9e000 	/System/Library/Frameworks/Accelerate.framework/Versions/A/Frameworks/vecLib.framework/Versions/A/libBLAS.dylib
0x0000000008e9e000 	/System/Library/Frameworks/Accelerate.framework/Versions/A/Frameworks/vecLib.framework/Versions/A/libLinearAlgebra.dylib
0x0000000008e9e000 	/System/Library/Frameworks/ApplicationServices.framework/Versions/A/Frameworks/ATS.framework/Versions/A/Resources/libFontParser.dylib
0x0000000008e9e000 	/System/Library/Frameworks/ApplicationServices.framework/Versions/A/Frameworks/ATS.framework/Versions/A/Resources/libFontRegistry.dylib
0x0000000008e9e000 	/System/Library/PrivateFrameworks/AppleVPA.framework/Versions/A/AppleVPA
0x0000000008e9e000 	/System/Library/PrivateFrameworks/AppleJPEG.framework/Versions/A/AppleJPEG
0x0000000008e9e000 	/System/Library/Frameworks/ImageIO.framework/Versions/A/Resources/libJPEG.dylib
0x0000000008e9e000 	/System/Library/Frameworks/ImageIO.framework/Versions/A/Resources/libTIFF.dylib
0x0000000008e9e000 	/System/Library/Frameworks/ImageIO.framework/Versions/A/Resources/libPng.dylib
0x0000000008e9e000 	/System/Library/Frameworks/ImageIO.framework/Versions/A/Resources/libGIF.dylib
0x0000000008e9e000 	/System/Library/Frameworks/ImageIO.framework/Versions/A/Resources/libJP2.dylib
0x0000000008e9e000 	/System/Library/Frameworks/ImageIO.framework/Versions/A/Resources/libRadiance.dylib
0x0000000008e9e000 	/System/Library/Frameworks/CoreVideo.framework/Versions/A/CoreVideo
0x0000000008e9e000 	/System/Library/Frameworks/OpenGL.framework/Versions/A/Libraries/libGLU.dylib
0x0000000008e9e000 	/System/Library/Frameworks/OpenGL.framework/Versions/A/Libraries/libGFXShared.dylib
0x0000000008e9e000 	/System/Library/Frameworks/OpenGL.framework/Versions/A/Libraries/libGL.dylib
0x0000000008e9e000 	/System/Library/Frameworks/OpenGL.framework/Versions/A/Libraries/libGLImage.dylib
0x0000000008e9e000 	/System/Library/Frameworks/OpenGL.framework/Versions/A/Libraries/libCVMSPluginSupport.dylib
0x0000000008e9e000 	/System/Library/Frameworks/OpenGL.framework/Versions/A/Libraries/libCoreVMClient.dylib
0x0000000008e9e000 	/usr/lib/libcups.2.dylib
0x0000000008e9e000 	/System/Library/Frameworks/Kerberos.framework/Versions/A/Kerberos
0x0000000008e9e000 	/System/Library/Frameworks/GSS.framework/Versions/A/GSS
0x0000000008e9e000 	/usr/lib/libresolv.9.dylib
0x0000000008e9e000 	/usr/lib/libiconv.2.dylib
0x0000000008e9e000 	/System/Library/PrivateFrameworks/Heimdal.framework/Versions/A/Heimdal
0x0000000008e9e000 	/usr/lib/libheimdal-asn1.dylib
0x0000000008e9e000 	/System/Library/Frameworks/OpenDirectory.framework/Versions/A/OpenDirectory
0x0000000008e9e000 	/System/Library/PrivateFrameworks/CommonAuth.framework/Versions/A/CommonAuth
0x0000000008e9e000 	/System/Library/Frameworks/OpenDirectory.framework/Versions/A/Frameworks/CFOpenDirectory.framework/Versions/A/CFOpenDirectory
0x0000000008e9e000 	/System/Library/Frameworks/SecurityFoundation.framework/Versions/A/SecurityFoundation
0x0000000008e9e000 	/System/Library/PrivateFrameworks/LanguageModeling.framework/Versions/A/LanguageModeling
0x0000000008e9e000 	/usr/lib/libcmph.dylib
0x0000000008e9e000 	/System/Library/Frameworks/ServiceManagement.framework/Versions/A/ServiceManagement
0x0000000008e9e000 	/usr/lib/libxslt.1.dylib
0x0000000008e9e000 	/System/Library/Frameworks/Carbon.framework/Versions/A/Frameworks/Ink.framework/Versions/A/Ink
0x0000000008e9e000 	/System/Library/Frameworks/QuartzCore.framework/Versions/A/Frameworks/CoreImage.framework/Versions/A/CoreImage
0x0000000008e9e000 	/System/Library/PrivateFrameworks/CrashReporterSupport.framework/Versions/A/CrashReporterSupport
0x0000000008e9e000 	/System/Library/Frameworks/OpenCL.framework/Versions/A/OpenCL
0x0000000008e9e000 	/System/Library/PrivateFrameworks/FaceCore.framework/Versions/A/FaceCore
0x0000000008e9e000 	/System/Library/PrivateFrameworks/Ubiquity.framework/Versions/A/Ubiquity
0x0000000008e9e000 	/System/Library/PrivateFrameworks/IconServices.framework/Versions/A/IconServices
0x0000000008e9e000 	/System/Library/PrivateFrameworks/ChunkingLibrary.framework/Versions/A/ChunkingLibrary
0x0000000008e9e000 	/System/Library/PrivateFrameworks/Apple80211.framework/Versions/A/Apple80211
0x0000000008e9e000 	/System/Library/Frameworks/CoreWLAN.framework/Versions/A/CoreWLAN
0x0000000008e9e000 	/System/Library/Frameworks/IOBluetooth.framework/Versions/A/IOBluetooth
0x0000000008e9e000 	/System/Library/PrivateFrameworks/CoreWiFi.framework/Versions/A/CoreWiFi
0x0000000008e9e000 	/System/Library/Frameworks/CoreBluetooth.framework/Versions/A/CoreBluetooth
0x0000000008e9e000 	/System/Library/PrivateFrameworks/DebugSymbols.framework/Versions/A/DebugSymbols
0x0000000008e9e000 	/System/Library/PrivateFrameworks/CoreSymbolication.framework/Versions/A/CoreSymbolication
0x0000000008e9e000 	/System/Library/PrivateFrameworks/Symbolication.framework/Versions/A/Symbolication
0x0000000008e9e000 	/System/Library/PrivateFrameworks/SpeechRecognitionCore.framework/Versions/A/SpeechRecognitionCore
0x000000010b600000 	/Library/Java/JavaVirtualMachines/jdk1.8.0_51.jdk/Contents/Home/jre/lib/server/libjvm.dylib
0x0000000008e9e000 	/usr/lib/libstdc++.6.dylib
0x000000010a5ae000 	/Library/Java/JavaVirtualMachines/jdk1.8.0_51.jdk/Contents/Home/jre/lib/libverify.dylib
0x000000010a5bc000 	/Library/Java/JavaVirtualMachines/jdk1.8.0_51.jdk/Contents/Home/jre/lib/libjava.dylib
0x000000010c66c000 	/Library/Java/JavaVirtualMachines/jdk1.8.0_51.jdk/Contents/Home/jre/lib/libzip.dylib
0x0000000123779000 	/System/Library/Frameworks/JavaVM.framework/Frameworks/JavaRuntimeSupport.framework/JavaRuntimeSupport
0x000000012378f000 	/System/Library/Frameworks/JavaVM.framework/Versions/A/Frameworks/JavaNativeFoundation.framework/Versions/A/JavaNativeFoundation
0x00000001237a3000 	/System/Library/Frameworks/JavaVM.framework/Versions/A/JavaVM
0x0000000008e9e000 	/System/Library/Frameworks/Carbon.framework/Versions/A/Carbon
0x00000001237af000 	/System/Library/PrivateFrameworks/JavaLaunching.framework/Versions/A/JavaLaunching
0x0000000008e9e000 	/System/Library/Frameworks/Carbon.framework/Versions/A/Frameworks/CommonPanels.framework/Versions/A/CommonPanels
0x0000000008e9e000 	/System/Library/Frameworks/Carbon.framework/Versions/A/Frameworks/Help.framework/Versions/A/Help
0x0000000008e9e000 	/System/Library/Frameworks/Carbon.framework/Versions/A/Frameworks/ImageCapture.framework/Versions/A/ImageCapture
0x0000000008e9e000 	/System/Library/Frameworks/Carbon.framework/Versions/A/Frameworks/OpenScripting.framework/Versions/A/OpenScripting
0x0000000008e9e000 	/System/Library/Frameworks/Carbon.framework/Versions/A/Frameworks/Print.framework/Versions/A/Print
0x0000000008e9e000 	/System/Library/Frameworks/Carbon.framework/Versions/A/Frameworks/SecurityHI.framework/Versions/A/SecurityHI
0x00000001257e3000 	/Library/Java/JavaVirtualMachines/jdk1.8.0_51.jdk/Contents/Home/jre/lib/libawt.dylib
0x000000012588b000 	/Library/Java/JavaVirtualMachines/jdk1.8.0_51.jdk/Contents/Home/jre/lib/./libmlib_image.dylib
0x0000000125957000 	/Library/Java/JavaVirtualMachines/jdk1.8.0_51.jdk/Contents/Home/jre/lib/libawt_lwawt.dylib
0x0000000125a0b000 	/Library/Java/JavaVirtualMachines/jdk1.8.0_51.jdk/Contents/Home/jre/lib/./libosxapp.dylib
0x0000000008e9e000 	/System/Library/Frameworks/ExceptionHandling.framework/Versions/A/ExceptionHandling
0x0000000008e9e000 	/System/Library/PrivateFrameworks/CoreServicesInternal.framework/Versions/A/CoreServicesInternal
0x0000000008e9e000 	/System/Library/PrivateFrameworks/CloudDocs.framework/Versions/A/CloudDocs
0x0000000008e9e000 	/System/Library/PrivateFrameworks/CoreDuet.framework/Versions/A/CoreDuet
0x0000000008e9e000 	/System/Library/Frameworks/CloudKit.framework/Versions/A/CloudKit
0x0000000008e9e000 	/System/Library/PrivateFrameworks/ProtocolBuffer.framework/Versions/A/ProtocolBuffer
0x0000000008e9e000 	/System/Library/PrivateFrameworks/CoreDuetDaemonProtocol.framework/Versions/A/CoreDuetDaemonProtocol
0x0000000008e9e000 	/System/Library/PrivateFrameworks/CoreDuetDebugLogging.framework/Versions/A/CoreDuetDebugLogging
0x0000000008e9e000 	/System/Library/PrivateFrameworks/MMCS.framework/Versions/A/MMCS
0x0000000008e9e000 	/System/Library/Frameworks/CoreLocation.framework/Versions/A/CoreLocation
0x0000000008e9e000 	/System/Library/PrivateFrameworks/ProtectedCloudStorage.framework/Versions/A/ProtectedCloudStorage
0x0000000008e9e000 	/System/Library/PrivateFrameworks/GeoServices.framework/Versions/A/GeoServices
0x0000000008e9e000 	/System/Library/Frameworks/CoreGraphics.framework/Versions/A/Resources/libCGCMS.A.dylib
0x0000000008e9e000 	/System/Library/Frameworks/CoreGraphics.framework/Versions/A/Resources/libRIP.A.dylib
0x0000000008e9e000 	/System/Library/Frameworks/CoreGraphics.framework/Versions/A/Resources/libCGXType.A.dylib
0x0000000008e9e000 	/System/Library/Frameworks/OpenCL.framework/Versions/A/Libraries/libcldcpuengine.dylib
0x0000000008e9e000 	/System/Library/PrivateFrameworks/DiskImages.framework/Versions/A/DiskImages
0x0000000008e9e000 	/System/Library/Frameworks/DiscRecording.framework/Versions/A/DiscRecording
0x0000000008e9e000 	/usr/lib/libcsfde.dylib
0x0000000008e9e000 	/usr/lib/libcurl.4.dylib
0x0000000008e9e000 	/System/Library/PrivateFrameworks/MediaKit.framework/Versions/A/MediaKit
0x0000000008e9e000 	/usr/lib/libCoreStorage.dylib
0x0000000008e9e000 	/System/Library/PrivateFrameworks/EFILogin.framework/Versions/A/EFILogin
0x0000000008e9e000 	/usr/lib/libutil.dylib
0x0000000008e9e000 	/System/Library/PrivateFrameworks/FindMyDevice.framework/Versions/A/FindMyDevice
0x0000000008e9e000 	/System/Library/Frameworks/LDAP.framework/Versions/A/LDAP
0x0000000008e9e000 	/usr/lib/libsasl2.2.dylib
0x0000000008e9e000 	/System/Library/PrivateFrameworks/CoreDaemon.framework/Versions/B/CoreDaemon
0x0000000008e9e000 	/usr/lib/libcrypto.0.9.8.dylib
0x0000000008e9e000 	/System/Library/PrivateFrameworks/AppleSRP.framework/Versions/A/AppleSRP
0x0000000008e9e000 	/System/Library/PrivateFrameworks/TrustEvaluationAgent.framework/Versions/A/TrustEvaluationAgent
0x0000000128ca7000 	cl_kernels
0x0000000128ca9000 	/System/Library/Frameworks/OpenCL.framework/Versions/A/Libraries/ImageFormats/unorm8_bgra.dylib
0x0000000128c99000 	cl_kernels
0x0000000008e9e000 	/System/Library/PrivateFrameworks/FamilyControls.framework/Versions/A/FamilyControls
0x0000000008e9e000 	/System/Library/PrivateFrameworks/CommerceKit.framework/Versions/A/Frameworks/CommerceCore.framework/Versions/A/CommerceCore
0x0000000008e9e000 	/System/Library/PrivateFrameworks/SystemAdministration.framework/Versions/A/SystemAdministration
0x0000000008e9e000 	/System/Library/PrivateFrameworks/AppContainer.framework/Versions/A/AppContainer
0x0000000008e9e000 	/System/Library/PrivateFrameworks/SecCodeWrapper.framework/Versions/A/SecCodeWrapper
0x0000000008e9e000 	/System/Library/Frameworks/DirectoryService.framework/Versions/A/DirectoryService
0x0000000008e9e000 	/System/Library/PrivateFrameworks/LoginUIKit.framework/Versions/A/Frameworks/LoginUICore.framework/Versions/A/LoginUICore
0x0000000008e9e000 	/usr/lib/libodfde.dylib
0x000000012a07e000 	/Library/Java/JavaVirtualMachines/jdk1.8.0_51.jdk/Contents/Home/jre/lib/libfontmanager.dylib
0x0000000008e9e000 	/System/Library/Frameworks/OpenGL.framework/Versions/A/Resources/GLEngine.bundle/GLEngine
0x0000000008e9e000 	/System/Library/Frameworks/OpenGL.framework/Versions/A/Libraries/libGLProgrammability.dylib
0x000000012a1e8000 	/System/Library/Extensions/AppleIntelHD4000GraphicsGLDriver.bundle/Contents/MacOS/AppleIntelHD4000GraphicsGLDriver
0x0000000008e9e000 	/System/Library/PrivateFrameworks/IOAccelerator.framework/Versions/A/IOAccelerator
0x0000000008e9e000 	/System/Library/PrivateFrameworks/GPUSupport.framework/Versions/A/Libraries/libGPUSupportMercury.dylib
0x0000000000000000 	/System/Library/Extensions/GeForceGLDriver.bundle/Contents/MacOS/GeForceGLDriver
0x0000000008e9e000 	/System/Library/Extensions/GeForceGLDriver.bundle/Contents/MacOS/libclh.dylib
0x0000000008e9e000 	/System/Library/Frameworks/OpenGL.framework/Versions/A/Resources/GLRendererFloat.bundle/GLRendererFloat
0x000000012b662000 	/Library/Java/JavaVirtualMachines/jdk1.8.0_51.jdk/Contents/Home/jre/lib/libnet.dylib
0x000000012b6c1000 	/Library/Java/JavaVirtualMachines/jdk1.8.0_51.jdk/Contents/Home/jre/lib/libnio.dylib
0x000000012b6d1000 	/private/var/folders/mz/_07dmklx15qblr0h70vw1pyh0000gt/T/jogamp_0000/file_cache/jln6911124933051495368/jln183748173488823236/natives/macosx-universal/libgluegen-rt.jnilib
0x000000012b8d5000 	/private/var/folders/mz/_07dmklx15qblr0h70vw1pyh0000gt/T/jogamp_0000/file_cache/jln6911124933051495368/jln183748173488823236/natives/macosx-universal/libnativewindow_awt.jnilib
0x000000012b8d8000 	/Library/Java/JavaVirtualMachines/jdk1.8.0_51.jdk/Contents/Home/jre/lib/libjawt.dylib
0x000000012b9de000 	/private/var/folders/mz/_07dmklx15qblr0h70vw1pyh0000gt/T/jogamp_0000/file_cache/jln6911124933051495368/jln183748173488823236/natives/macosx-universal/libnativewindow_macosx.jnilib
0x000000012b9e8000 	/private/var/folders/mz/_07dmklx15qblr0h70vw1pyh0000gt/T/jogamp_0000/file_cache/jln6911124933051495368/jln183748173488823236/natives/macosx-universal/libnewt.jnilib
0x000000012c53a000 	/private/var/folders/mz/_07dmklx15qblr0h70vw1pyh0000gt/T/jogamp_0000/file_cache/jln6911124933051495368/jln183748173488823236/natives/macosx-universal/libjogl_desktop.jnilib
0x0000000127e6e000 	/private/var/folders/mz/_07dmklx15qblr0h70vw1pyh0000gt/T/jogamp_0000/file_cache/jln6911124933051495368/jln183748173488823236/natives/macosx-universal/libjogl_mobile.jnilib
0x000000012e3c0000 	/Library/Java/JavaVirtualMachines/jdk1.8.0_51.jdk/Contents/Home/jre/lib/libjsound.dylib
0x000000012e3d3000 	/System/Library/Frameworks/CoreMIDI.framework/Versions/A/CoreMIDI
0x0000000008e9e000 	/usr/lib/libexpat.1.dylib
0x000000012bc11000 	/System/Library/Extensions/AppleHDA.kext/Contents/PlugIns/AppleHDAHALPlugIn.bundle/Contents/MacOS/AppleHDAHALPlugIn
0x000000012e55b000 	/System/Library/Components/CoreAudio.component/Contents/MacOS/CoreAudio

VM Arguments:
jvm_args: -Djava.library.path=/Users/fullstack/Downloads/leap-motion-processing-master/library/macosx -Dfile.encoding=UTF-8 
java_command: ConnectServer
java_class_path (initial): /Users/fullstack/connect/connect_server/bin:/Users/fullstack/connect/connect_server/core.jar:/Users/fullstack/connect/connect_server/controlP5.jar:/Users/fullstack/connect/connect_server/gluegen-rt-natives-linux-amd64.jar:/Users/fullstack/connect/connect_server/gluegen-rt-natives-linux-armv6hf.jar:/Users/fullstack/connect/connect_server/gluegen-rt-natives-linux-i586.jar:/Users/fullstack/connect/connect_server/gluegen-rt-natives-macosx-universal.jar:/Users/fullstack/connect/connect_server/gluegen-rt-natives-windows-amd64.jar:/Users/fullstack/connect/connect_server/gluegen-rt-natives-windows-i586.jar:/Users/fullstack/connect/connect_server/gluegen-rt.jar:/Users/fullstack/connect/connect_server/jogl-all-natives-linux-amd64.jar:/Users/fullstack/connect/connect_server/jogl-all-natives-linux-armv6hf.jar:/Users/fullstack/connect/connect_server/jogl-all-natives-linux-i586.jar:/Users/fullstack/connect/connect_server/jogl-all-natives-macosx-universal.jar:/Users/fullstack/connect/connect_server/jogl-all-natives-windows-amd64.jar:/Users/fullstack/connect/connect_server/jogl-all-natives-windows-i586.jar:/Users/fullstack/connect/connect_server/jogl-all.jar:/Users/fullstack/connect/connect_server/peasycam.jar:/Users/fullstack/connect/connect_server/json4processing.jar:/Users/fullstack/connect/connect_server/spacebrew.jar:/Users/fullstack/connect/connect_server/WebSocket.jar:/Users/fullstack/connect/connect_server/commons-lang3-3.4.jar:/Users/fullstack/connect/connect_server/jl1.0.jar:/Users/fullstack/connect/connect_server/jsminim.jar:/Users/fullstack/connect/connect_server/minim.jar:/Users/fullstack/connect/connect_server/mp3spi1.9.4.jar:/Users/fullstack/connect/connect_server/tritonus_aos.jar:/Users/fullstack/connect/connect_server/tritonus_share.jar:/Users/fullstack/connect/connect_server/LeapMotionForProcessing.jar:/Users/fullstack/connect/connect_server/LeapJava.jar:/Users/fullstack/connect/connect_server/Arduino.jar:/Users/fullstack/connect/conne
Launcher Type: SUN_STANDARD

Environment Variables:
PATH=/usr/bin:/bin:/usr/sbin:/sbin
SHELL=/bin/bash

Signal Handlers:
SIGSEGV: [libjvm.dylib+0x58ef35], sa_mask[0]=11111111011111110111111111111111, sa_flags=SA_ONSTACK|SA_RESTART|SA_SIGINFO
SIGBUS: [libjvm.dylib+0x58ef35], sa_mask[0]=11111111011111110111111111111111, sa_flags=SA_RESTART|SA_SIGINFO
SIGFPE: [libjvm.dylib+0x46c028], sa_mask[0]=11111111011111110111111111111111, sa_flags=SA_RESTART|SA_SIGINFO
SIGPIPE: [libjvm.dylib+0x46c028], sa_mask[0]=11111111011111110111111111111111, sa_flags=SA_RESTART|SA_SIGINFO
SIGXFSZ: [libjvm.dylib+0x46c028], sa_mask[0]=11111111011111110111111111111111, sa_flags=SA_RESTART|SA_SIGINFO
SIGILL: [libjvm.dylib+0x46c028], sa_mask[0]=11111111011111110111111111111111, sa_flags=SA_RESTART|SA_SIGINFO
SIGUSR1: SIG_DFL, sa_mask[0]=00000000000000000000000000000000, sa_flags=none
SIGUSR2: [libjvm.dylib+0x46bb46], sa_mask[0]=00100000000000000000000000000000, sa_flags=SA_RESTART|SA_SIGINFO
SIGHUP: [libjvm.dylib+0x46a119], sa_mask[0]=11111111011111110111111111111111, sa_flags=SA_RESTART|SA_SIGINFO
SIGINT: [libjvm.dylib+0x46a119], sa_mask[0]=11111111011111110111111111111111, sa_flags=SA_RESTART|SA_SIGINFO
SIGTERM: [libjvm.dylib+0x46a119], sa_mask[0]=11111111011111110111111111111111, sa_flags=SA_RESTART|SA_SIGINFO
SIGQUIT: [libjvm.dylib+0x46a119], sa_mask[0]=11111111011111110111111111111111, sa_flags=SA_RESTART|SA_SIGINFO


---------------  S Y S T E M  ---------------

OS:Bsduname:Darwin 14.5.0 Darwin Kernel Version 14.5.0: Thu Jun 16 19:58:21 PDT 2016; root:xnu-2782.50.4~1/RELEASE_X86_64 x86_64
rlimit: STACK 8192k, CORE 0k, NPROC 709, NOFILE 10240, AS infinity
load average:7.65 4.83 4.71

CPU:total 8 (4 cores per cpu, 2 threads per core) family 6 model 58 stepping 9, cmov, cx8, fxsr, mmx, sse, sse2, sse3, ssse3, sse4.1, sse4.2, popcnt, avx, aes, clmul, erms, ht, tsc, tscinvbit, tscinv

Memory: 4k page, physical 8388608k(384772k free)

/proc/meminfo:


vm_info: Java HotSpot(TM) 64-Bit Server VM (25.51-b03) for bsd-amd64 JRE (1.8.0_51-b16), built on Jun  8 2015 18:01:11 by "java_re" with gcc 4.2.1 (Based on Apple Inc. build 5658) (LLVM build 2336.11.00)

time: Fri Oct 21 05:13:17 2016
elapsed time: 98 seconds (0d 0h 1m 38s)

